# JRE version: OpenJDK Runtime Environment (8.0_292-b10) (build 1.8.0_292-b10)
# Java VM: OpenJDK 64-Bit Server VM (25.292-b10 mixed mode windows-amd64 compressed oops)
Heap:
 PSYoungGen      total 177152K, used 53930K [0x00000000d5580000, 0x00000000e1d00000, 0x0000000100000000)
  eden space 161792K, 33% used [0x00000000d5580000,0x00000000d8a2abd0,0x00000000df380000)
  from space 15360K, 0% used [0x00000000e0e00000,0x00000000e0e00000,0x00000000e1d00000)
  to   space 12288K, 0% used [0x00000000df380000,0x00000000df380000,0x00000000dff80000)
 ParOldGen       total 160256K, used 41899K [0x0000000080000000, 0x0000000089c80000, 0x00000000d5580000)
  object space 160256K, 26% used [0x0000000080000000,0x00000000828eaf58,0x0000000089c80000)
 Metaspace       used 60674K, capacity 63619K, committed 63744K, reserved 1103872K
  class space    used 8462K, capacity 9096K, committed 9216K, reserved 1048576K
GC Heap History (10 events):
Event: 4.367 GC heap before
{Heap before GC invocations=9 (full 2):
 PSYoungGen      total 113152K, used 8771K [0x00000000d5580000, 0x00000000e0f00000, 0x0000000100000000)
  eden space 99840K, 0% used [0x00000000d5580000,0x00000000d5580000,0x00000000db700000)
  from space 13312K, 65% used [0x00000000db700000,0x00000000dbf90c50,0x00000000dc400000)
  to   space 12800K, 0% used [0x00000000e0280000,0x00000000e0280000,0x00000000e0f00000)
 ParOldGen       total 101376K, used 8415K [0x0000000080000000, 0x0000000086300000, 0x00000000d5580000)
  object space 101376K, 8% used [0x0000000080000000,0x0000000080837d68,0x0000000086300000)
 Metaspace       used 34132K, capacity 35413K, committed 35496K, reserved 1079296K
  class space    used 4759K, capacity 5071K, committed 5120K, reserved 1048576K
Event: 4.428 GC heap after
Heap after GC invocations=9 (full 2):
 PSYoungGen      total 113152K, used 0K [0x00000000d5580000, 0x00000000e0f00000, 0x0000000100000000)
  eden space 99840K, 0% used [0x00000000d5580000,0x00000000d5580000,0x00000000db700000)
  from space 13312K, 0% used [0x00000000db700000,0x00000000db700000,0x00000000dc400000)
  to   space 12800K, 0% used [0x00000000e0280000,0x00000000e0280000,0x00000000e0f00000)
 ParOldGen       total 160256K, used 15884K [0x0000000080000000, 0x0000000089c80000, 0x00000000d5580000)
  object space 160256K, 9% used [0x0000000080000000,0x0000000080f832e8,0x0000000089c80000)
 Metaspace       used 34132K, capacity 35413K, committed 35496K, reserved 1079296K
  class space    used 4759K, capacity 5071K, committed 5120K, reserved 1048576K
}
Event: 5.496 GC heap before
{Heap before GC invocations=10 (full 2):
 PSYoungGen      total 113152K, used 99840K [0x00000000d5580000, 0x00000000e0f00000, 0x0000000100000000)
  eden space 99840K, 100% used [0x00000000d5580000,0x00000000db700000,0x00000000db700000)
  from space 13312K, 0% used [0x00000000db700000,0x00000000db700000,0x00000000dc400000)
  to   space 12800K, 0% used [0x00000000e0280000,0x00000000e0280000,0x00000000e0f00000)
 ParOldGen       total 160256K, used 15884K [0x0000000080000000, 0x0000000089c80000, 0x00000000d5580000)
  object space 160256K, 9% used [0x0000000080000000,0x0000000080f832e8,0x0000000089c80000)
 Metaspace       used 38224K, capacity 39989K, committed 40192K, reserved 1083392K
  class space    used 5385K, capacity 5783K, committed 5888K, reserved 1048576K
Event: 5.504 GC heap after
Heap after GC invocations=10 (full 2):
 PSYoungGen      total 150016K, used 8901K [0x00000000d5580000, 0x00000000e0b80000, 0x0000000100000000)
  eden space 140800K, 0% used [0x00000000d5580000,0x00000000d5580000,0x00000000ddf00000)
  from space 9216K, 96% used [0x00000000e0280000,0x00000000e0b31650,0x00000000e0b80000)
  to   space 12288K, 0% used [0x00000000df380000,0x00000000df380000,0x00000000dff80000)
 ParOldGen       total 160256K, used 15892K [0x0000000080000000, 0x0000000089c80000, 0x00000000d5580000)
  object space 160256K, 9% used [0x0000000080000000,0x0000000080f852e8,0x0000000089c80000)
 Metaspace       used 38224K, capacity 39989K, committed 40192K, reserved 1083392K
  class space    used 5385K, capacity 5783K, committed 5888K, reserved 1048576K
}
Event: 6.787 GC heap before
{Heap before GC invocations=11 (full 2):
 PSYoungGen      total 150016K, used 149701K [0x00000000d5580000, 0x00000000e0b80000, 0x0000000100000000)
  eden space 140800K, 100% used [0x00000000d5580000,0x00000000ddf00000,0x00000000ddf00000)
  from space 9216K, 96% used [0x00000000e0280000,0x00000000e0b31650,0x00000000e0b80000)
  to   space 12288K, 0% used [0x00000000df380000,0x00000000df380000,0x00000000dff80000)
 ParOldGen       total 160256K, used 15892K [0x0000000080000000, 0x0000000089c80000, 0x00000000d5580000)
  object space 160256K, 9% used [0x0000000080000000,0x0000000080f852e8,0x0000000089c80000)
 Metaspace       used 45739K, capacity 47987K, committed 48384K, reserved 1091584K
  class space    used 6355K, capacity 6834K, committed 6912K, reserved 1048576K
Event: 6.801 GC heap after
Heap after GC invocations=11 (full 2):
 PSYoungGen      total 174080K, used 12256K [0x00000000d5580000, 0x00000000e1d00000, 0x0000000100000000)
  eden space 161792K, 0% used [0x00000000d5580000,0x00000000d5580000,0x00000000df380000)
  from space 12288K, 99% used [0x00000000df380000,0x00000000dff78030,0x00000000dff80000)
  to   space 15360K, 0% used [0x00000000e0e00000,0x00000000e0e00000,0x00000000e1d00000)
 ParOldGen       total 160256K, used 20968K [0x0000000080000000, 0x0000000089c80000, 0x00000000d5580000)
  object space 160256K, 13% used [0x0000000080000000,0x000000008147a260,0x0000000089c80000)
 Metaspace       used 45739K, capacity 47987K, committed 48384K, reserved 1091584K
  class space    used 6355K, capacity 6834K, committed 6912K, reserved 1048576K
}
Event: 8.323 GC heap before
{Heap before GC invocations=12 (full 2):
 PSYoungGen      total 174080K, used 152921K [0x00000000d5580000, 0x00000000e1d00000, 0x0000000100000000)
  eden space 161792K, 86% used [0x00000000d5580000,0x00000000ddede6d8,0x00000000df380000)
  from space 12288K, 99% used [0x00000000df380000,0x00000000dff78030,0x00000000dff80000)
  to   space 15360K, 0% used [0x00000000e0e00000,0x00000000e0e00000,0x00000000e1d00000)
 ParOldGen       total 160256K, used 20968K [0x0000000080000000, 0x0000000089c80000, 0x00000000d5580000)
  object space 160256K, 13% used [0x0000000080000000,0x000000008147a260,0x0000000089c80000)
 Metaspace       used 56451K, capacity 59143K, committed 59160K, reserved 1099776K
  class space    used 7738K, capacity 8304K, committed 8320K, reserved 1048576K
Event: 8.349 GC heap after
Heap after GC invocations=12 (full 2):
 PSYoungGen      total 177152K, used 15328K [0x00000000d5580000, 0x00000000e1d00000, 0x0000000100000000)
  eden space 161792K, 0% used [0x00000000d5580000,0x00000000d5580000,0x00000000df380000)
  from space 15360K, 99% used [0x00000000e0e00000,0x00000000e1cf8050,0x00000000e1d00000)
  to   space 12288K, 0% used [0x00000000df380000,0x00000000df380000,0x00000000dff80000)
 ParOldGen       total 160256K, used 33491K [0x0000000080000000, 0x0000000089c80000, 0x00000000d5580000)
  object space 160256K, 20% used [0x0000000080000000,0x00000000820b4f68,0x0000000089c80000)
 Metaspace       used 56451K, capacity 59143K, committed 59160K, reserved 1099776K
  class space    used 7738K, capacity 8304K, committed 8320K, reserved 1048576K
}
Event: 8.349 GC heap before
{Heap before GC invocations=13 (full 3):
 PSYoungGen      total 177152K, used 15328K [0x00000000d5580000, 0x00000000e1d00000, 0x0000000100000000)
  eden space 161792K, 0% used [0x00000000d5580000,0x00000000d5580000,0x00000000df380000)
  from space 15360K, 99% used [0x00000000e0e00000,0x00000000e1cf8050,0x00000000e1d00000)
  to   space 12288K, 0% used [0x00000000df380000,0x00000000df380000,0x00000000dff80000)
 ParOldGen       total 160256K, used 33491K [0x0000000080000000, 0x0000000089c80000, 0x00000000d5580000)
  object space 160256K, 20% used [0x0000000080000000,0x00000000820b4f68,0x0000000089c80000)
 Metaspace       used 56451K, capacity 59143K, committed 59160K, reserved 1099776K
  class space    used 7738K, capacity 8304K, committed 8320K, reserved 1048576K
Event: 8.603 GC heap after
Heap after GC invocations=13 (full 3):
 PSYoungGen      total 177152K, used 0K [0x00000000d5580000, 0x00000000e1d00000, 0x0000000100000000)
  eden space 161792K, 0% used [0x00000000d5580000,0x00000000d5580000,0x00000000df380000)
  from space 15360K, 0% used [0x00000000e0e00000,0x00000000e0e00000,0x00000000e1d00000)
  to   space 12288K, 0% used [0x00000000df380000,0x00000000df380000,0x00000000dff80000)
 ParOldGen       total 160256K, used 41899K [0x0000000080000000, 0x0000000089c80000, 0x00000000d5580000)
  object space 160256K, 26% used [0x0000000080000000,0x00000000828eaf58,0x0000000089c80000)
 Metaspace       used 56402K, capacity 58975K, committed 59160K, reserved 1099776K
  class space    used 7723K, capacity 8276K, committed 8320K, reserved 1048576K
}

